<?xml version="1.0" encoding="UTF-8"?>
<!-- Generated by org.testng.reporters.JUnitReportReporter -->
<testsuite hostname="SadakarP" failures="0" tests="2" name="com.sadakar.testng.runner.RunCucumberTest" time="22.994" errors="0" timestamp="2022-07-29T01:40:45 IST" skipped="0">
  <testcase classname="com.sadakar.testng.runner.RunCucumberTest" name="runScenario" time="14.329"/>
  <system-out/>
  <testcase classname="com.sadakar.testng.runner.RunCucumberTest" name="runScenario" time="8.665"/>
  <system-out/>
</testsuite> <!-- com.sadakar.testng.runner.RunCucumberTest -->
