<?xml version="1.0" encoding="UTF-8"?>
<!-- Generated by org.testng.reporters.JUnitReportReporter -->
<testsuite skipped="0" hostname="SadakarP" name="com.sadakar.testng.runner.RunCucumberTest" tests="2" failures="0" timestamp="2022-07-29T01:41:49 IST" time="25.395" errors="0">
  <testcase name="runScenario" time="9.183" classname="com.sadakar.testng.runner.RunCucumberTest"/>
  <system-out/>
  <testcase name="runScenario" time="16.212" classname="com.sadakar.testng.runner.RunCucumberTest"/>
  <system-out/>
</testsuite> <!-- com.sadakar.testng.runner.RunCucumberTest -->
